\BOOKMARK [0][-]{chapter.1}{Analyse der Fachdom\344ne Hochschulsport}{}% 1
\BOOKMARK [1][-]{section.1.1}{Historische Entwicklung des Hochschulsports}{chapter.1}% 2
\BOOKMARK [2][-]{subsection.1.1.1}{Hochschulsport heute}{section.1.1}% 3
\BOOKMARK [1][-]{section.1.2}{Typische Aufgaben}{chapter.1}% 4
\BOOKMARK [1][-]{section.1.3}{Organisationsformen}{chapter.1}% 5
\BOOKMARK [1][-]{section.1.4}{Befragung ausgew\344hlter Standorte}{chapter.1}% 6
\BOOKMARK [2][-]{subsection.1.4.1}{Aktuelle L\366sungen}{section.1.4}% 7
\BOOKMARK [2][-]{subsection.1.4.2}{Bewertung der Wichtigkeit von Funktionalit\344ten}{section.1.4}% 8
\BOOKMARK [2][-]{subsection.1.4.3}{Zus\344tzliche Anmerkungen}{section.1.4}% 9
\BOOKMARK [1][-]{section.1.5}{Wichtige Gesch\344ftsprozesse}{chapter.1}% 10
\BOOKMARK [1][-]{section.1.6}{Probleme und Herausforderungen}{chapter.1}% 11
\BOOKMARK [0][-]{chapter.2}{Cloud Computing}{}% 12
\BOOKMARK [1][-]{section.2.1}{Merkmale}{chapter.2}% 13
\BOOKMARK [1][-]{section.2.2}{Service Modell}{chapter.2}% 14
\BOOKMARK [1][-]{section.2.3}{Bereitstellung Modell}{chapter.2}% 15
\BOOKMARK [2][-]{subsection.2.3.1}{Private Cloud}{section.2.3}% 16
\BOOKMARK [2][-]{subsection.2.3.2}{Public Cloud}{section.2.3}% 17
\BOOKMARK [2][-]{subsection.2.3.3}{Hybrid Cloud}{section.2.3}% 18
\BOOKMARK [1][-]{section.2.4}{Pro \046 Contra}{chapter.2}% 19
\BOOKMARK [2][-]{subsection.2.4.1}{Vorteile}{section.2.4}% 20
\BOOKMARK [2][-]{subsection.2.4.2}{Nachteile}{section.2.4}% 21
\BOOKMARK [1][-]{section.2.5}{Software-as-a-Service Anwendungen \(SaaS\)}{chapter.2}% 22
\BOOKMARK [2][-]{subsection.2.5.1}{Vorteile}{section.2.5}% 23
\BOOKMARK [2][-]{subsection.2.5.2}{Herausforderungen}{section.2.5}% 24
\BOOKMARK [0][-]{chapter.3}{Software Architektur und Design}{}% 25
\BOOKMARK [1][-]{section.3.1}{Softwarearchitektur}{chapter.3}% 26
\BOOKMARK [2][-]{subsection.3.1.1}{Monolitisch}{section.3.1}% 27
\BOOKMARK [2][-]{subsection.3.1.2}{Client/Server-Architekturmodell}{section.3.1}% 28
\BOOKMARK [2][-]{subsection.3.1.3}{Dienstbasiert}{section.3.1}% 29
\BOOKMARK [1][-]{section.3.2}{SaaS spezifische Besonderheiten}{chapter.3}% 30
\BOOKMARK [2][-]{subsection.3.2.1}{Multi-Tenant Application \(MTA\)}{section.3.2}% 31
\BOOKMARK [2][-]{subsection.3.2.2}{Security}{section.3.2}% 32
\BOOKMARK [0][-]{chapter.4}{System Konzeption}{}% 33
\BOOKMARK [1][-]{section.4.1}{Planungsphase}{chapter.4}% 34
\BOOKMARK [1][-]{section.4.2}{Definitionsphase}{chapter.4}% 35
\BOOKMARK [1][-]{section.4.3}{Entwurfsphase}{chapter.4}% 36
