\BOOKMARK [1][-]{section.1}{Zielbestimmung}{}% 1
\BOOKMARK [1][-]{section.2}{Produkteinsatz}{}% 2
\BOOKMARK [1][-]{section.3}{Funktionale Anforderungen}{}% 3
\BOOKMARK [2][-]{subsection.3.1}{Verwaltung}{section.3}% 4
\BOOKMARK [3][-]{subsubsection.3.1.1}{Allgemein}{subsection.3.1}% 5
\BOOKMARK [3][-]{subsubsection.3.1.2}{Veranstaltungen}{subsection.3.1}% 6
\BOOKMARK [3][-]{subsubsection.3.1.3}{Personen/Kunden/Teilnehmer}{subsection.3.1}% 7
\BOOKMARK [3][-]{subsubsection.3.1.4}{Vertr\344ge}{subsection.3.1}% 8
\BOOKMARK [3][-]{subsubsection.3.1.5}{Buchhaltung}{subsection.3.1}% 9
\BOOKMARK [3][-]{subsubsection.3.1.6}{Kalender/Raumplanung}{subsection.3.1}% 10
\BOOKMARK [3][-]{subsubsection.3.1.7}{\334bungsleiter}{subsection.3.1}% 11
\BOOKMARK [3][-]{subsubsection.3.1.8}{Mailing}{subsection.3.1}% 12
\BOOKMARK [2][-]{subsection.3.2}{Zugangsteuerung}{section.3}% 13
\BOOKMARK [2][-]{subsection.3.3}{Studio}{section.3}% 14
\BOOKMARK [3][-]{subsubsection.3.3.1}{Checkin/Checkout}{subsection.3.3}% 15
\BOOKMARK [3][-]{subsubsection.3.3.2}{Studioinfo}{subsection.3.3}% 16
\BOOKMARK [3][-]{subsubsection.3.3.3}{Trainer}{subsection.3.3}% 17
\BOOKMARK [2][-]{subsection.3.4}{Anpassungen}{section.3}% 18
\BOOKMARK [3][-]{subsubsection.3.4.1}{Auswahlelemente}{subsection.3.4}% 19
\BOOKMARK [1][-]{section.4}{Produktdaten}{}% 20
\BOOKMARK [2][-]{subsection.4.1}{Personendaten}{section.4}% 21
\BOOKMARK [2][-]{subsection.4.2}{Kursdaten}{section.4}% 22
\BOOKMARK [2][-]{subsection.4.3}{Rechnungsdaten}{section.4}% 23
\BOOKMARK [2][-]{subsection.4.4}{Vertragsdaten}{section.4}% 24
\BOOKMARK [2][-]{subsection.4.5}{Termine}{section.4}% 25
\BOOKMARK [2][-]{subsection.4.6}{\334bungsleiter}{section.4}% 26
\BOOKMARK [2][-]{subsection.4.7}{Mailings\(Verteiler\)}{section.4}% 27
\BOOKMARK [2][-]{subsection.4.8}{Einzelplatzbuchung}{section.4}% 28
\BOOKMARK [2][-]{subsection.4.9}{Verleih}{section.4}% 29
\BOOKMARK [2][-]{subsection.4.10}{Zugangssteuerung}{section.4}% 30
\BOOKMARK [2][-]{subsection.4.11}{Checkin/Checkout}{section.4}% 31
\BOOKMARK [2][-]{subsection.4.12}{Studioinfo}{section.4}% 32
\BOOKMARK [2][-]{subsection.4.13}{Trainerdaten}{section.4}% 33
\BOOKMARK [2][-]{subsection.4.14}{Logdaten}{section.4}% 34
\BOOKMARK [1][-]{section.5}{Nichtfunktionale Anforderungen}{}% 35
\BOOKMARK [2][-]{subsection.5.1}{Allgemein}{section.5}% 36
\BOOKMARK [2][-]{subsection.5.2}{Backend}{section.5}% 37
\BOOKMARK [2][-]{subsection.5.3}{Frontend}{section.5}% 38
\BOOKMARK [1][-]{section.6}{Erweiterbarkeit}{}% 39
\BOOKMARK [2][-]{subsubsection.6.0.1}{Verleih}{section.6}% 40
\BOOKMARK [3][-]{subsubsection.6.0.2}{Verkauf}{subsubsection.6.0.1}% 41
\BOOKMARK [3][-]{subsubsection.6.0.3}{Einzelplatzbuchung}{subsubsection.6.0.1}% 42
\BOOKMARK [1][-]{section.7}{Systemmodelle}{}% 43
\BOOKMARK [2][-]{subsection.7.1}{Szenarien}{section.7}% 44
\BOOKMARK [2][-]{subsection.7.2}{Anwendungsf\344lle}{section.7}% 45
\BOOKMARK [1][-]{subsection.7.2}{ Glossar}{}% 46
